<component name="libraryTable">
  <library name="junit-4.12-beta-2">
    <CLASSES>
      <root url="jar://$USER_HOME$/.gradle/caches/modules-2/files-2.1/junit/junit/4.12-beta-2/eb899c93c162058b6ae990e7e279507803edd1fb/junit-4.12-beta-2.jar!/" />
    </CLASSES>
    <JAVADOC />
    <SOURCES />
  </library>
</component>